[0mGET /happyhouse/houseinfos/address [36m304[0m 3395.664 ms - -[0m
[0mGET /happyhouse/reviews [32m200[0m 207.648 ms - 1290[0m
[0mGET /happyhouse/reviews [36m304[0m 207.297 ms - -[0m
[0mGET /happyhouse/reviews [36m304[0m 262.825 ms - -[0m
[0mGET /happyhouse/reviews [36m304[0m 362.196 ms - -[0m
[0mGET /happyhouse/reviews [36m304[0m 273.863 ms - -[0m
[0mGET /happyhouse/reviews [0m-[0m - ms - -[0m
[0mGET /happyhouse/communities [32m200[0m 198.770 ms - 1404[0m
[0mGET /happyhouse/reviews [32m200[0m 201.709 ms - 1290[0m
[0mGET /happyhouse/reviews [36m304[0m 240.111 ms - -[0m
[0mGET /happyhouse/reviews [36m304[0m 279.379 ms - -[0m
[0mGET /happyhouse/reviews [36m304[0m 194.756 ms - -[0m
[0mGET /happyhouse/reviews [36m304[0m 241.806 ms - -[0m
[0mGET /happyhouse/reviews [36m304[0m 888.335 ms - -[0m
[0mGET /happyhouse/reviews [36m304[0m 274.393 ms - -[0m
[0mGET /happyhouse/reviews [36m304[0m 191.256 ms - -[0m
[0mGET /happyhouse/reviews [36m304[0m 191.265 ms - -[0m
[0mGET /happyhouse/reviews [36m304[0m 199.332 ms - -[0m
[0mGET /happyhouse/reviews [36m304[0m 233.972 ms - -[0m
[0mGET /happyhouse/reviews [36m304[0m 202.587 ms - -[0m
[0mGET /happyhouse/reviews [36m304[0m 325.296 ms - -[0m
[0mGET /happyhouse/reviews [36m304[0m 194.637 ms - -[0m
[0mGET /happyhouse/reviews [36m304[0m 416.713 ms - -[0m
[0mGET /happyhouse/reviews [36m304[0m 198.665 ms - -[0m
[0mGET /happyhouse/reviews [36m304[0m 191.356 ms - -[0m
[0mGET /happyhouse/reviews [36m304[0m 247.417 ms - -[0m
[0mGET /happyhouse/reviews [36m304[0m 287.554 ms - -[0m
[0mGET /happyhouse/reviews [36m304[0m 381.327 ms - -[0m
[0mGET /happyhouse/reviews [36m304[0m 479.295 ms - -[0m
[0mGET /happyhouse/reviews [36m304[0m 235.492 ms - -[0m
[0mGET /happyhouse/reviews [36m304[0m 495.724 ms - -[0m
[0mGET /happyhouse/reviews [36m304[0m 254.473 ms - -[0m
[0mGET /happyhouse/reviews [36m304[0m 308.801 ms - -[0m
[0mGET /happyhouse/reviews [36m304[0m 191.104 ms - -[0m
[0mGET /happyhouse/reviews [36m304[0m 196.713 ms - -[0m
[0mGET /happyhouse/reviews [36m304[0m 279.075 ms - -[0m
[0mGET /happyhouse/reviews [36m304[0m 415.591 ms - -[0m
[0mGET /happyhouse/reviews [36m304[0m 286.175 ms - -[0m
[0mGET /happyhouse/reviews [36m304[0m 390.525 ms - -[0m
[0mGET /happyhouse/reviews [36m304[0m 191.689 ms - -[0m
[0mGET /happyhouse/reviews [36m304[0m 297.613 ms - -[0m
[0mGET /happyhouse/reviews [36m304[0m 286.616 ms - -[0m
[0mGET /happyhouse/reviews [36m304[0m 214.018 ms - -[0m
[0mGET /happyhouse/reviews [36m304[0m 352.273 ms - -[0m
[0mGET /happyhouse/reviews [36m304[0m 302.894 ms - -[0m
[0mGET /happyhouse/reviews [36m304[0m 199.838 ms - -[0m
[0mGET /happyhouse/reviews [36m304[0m 189.589 ms - -[0m
[0mGET /happyhouse/reviews [36m304[0m 192.716 ms - -[0m
[0mGET /happyhouse/reviews [36m304[0m 192.088 ms - -[0m
[0mGET /happyhouse/reviews [36m304[0m 195.531 ms - -[0m
[0mGET /happyhouse/reviews [36m304[0m 326.867 ms - -[0m
[0mGET /happyhouse/reviews [36m304[0m 207.509 ms - -[0m
[0mGET /happyhouse/reviews [36m304[0m 306.294 ms - -[0m
[0mGET /happyhouse/reviews [36m304[0m 299.577 ms - -[0m
[0mGET /happyhouse/reviews [36m304[0m 292.484 ms - -[0m
[0mGET /happyhouse/reviews [36m304[0m 302.309 ms - -[0m
[0mGET /happyhouse/reviews [36m304[0m 298.162 ms - -[0m
[0mGET /happyhouse/reviews [36m304[0m 410.086 ms - -[0m
[0mGET /happyhouse/reviews [36m304[0m 190.180 ms - -[0m
[0mGET /happyhouse/reviews [36m304[0m 237.609 ms - -[0m
[0mGET /happyhouse/reviews [36m304[0m 284.464 ms - -[0m
[0mGET /happyhouse/reviews [36m304[0m 905.064 ms - -[0m
[0mGET /happyhouse/reviews [36m304[0m 191.577 ms - -[0m
[0mGET /happyhouse/reviews [36m304[0m 212.895 ms - -[0m
[0mGET /happyhouse/reviews [36m304[0m 254.394 ms - -[0m
[0mGET /happyhouse/reviews [36m304[0m 291.632 ms - -[0m
[0mGET /happyhouse/reviews [36m304[0m 193.585 ms - -[0m
[0mGET /happyhouse/reviews [36m304[0m 344.075 ms - -[0m
[0mGET /happyhouse/reviews [36m304[0m 191.280 ms - -[0m
[0mGET /happyhouse/reviews [36m304[0m 298.570 ms - -[0m
[0mGET /happyhouse/reviews [36m304[0m 191.095 ms - -[0m
[0mGET /happyhouse/reviews [36m304[0m 295.179 ms - -[0m
[0mGET /happyhouse/reviews [36m304[0m 301.667 ms - -[0m
[0mGET /happyhouse/reviews [36m304[0m 220.619 ms - -[0m
[0mGET /happyhouse/reviews [36m304[0m 208.384 ms - -[0m
[0mGET /happyhouse/reviews [36m304[0m 201.399 ms - -[0m
[0mGET /happyhouse/reviews [36m304[0m 316.177 ms - -[0m
[0mGET /happyhouse/reviews [36m304[0m 295.611 ms - -[0m
[0mGET /happyhouse/reviews [36m304[0m 305.385 ms - -[0m
[0mGET /happyhouse/reviews [36m304[0m 304.959 ms - -[0m
[0mGET /happyhouse/reviews [36m304[0m 295.196 ms - -[0m
[0mGET /happyhouse/reviews [36m304[0m 305.541 ms - -[0m
[0mGET /happyhouse/reviews [36m304[0m 298.280 ms - -[0m
[0mGET /happyhouse/reviews [36m304[0m 300.090 ms - -[0m
[0mGET /happyhouse/reviews [36m304[0m 290.555 ms - -[0m
[0mGET /happyhouse/reviews [36m304[0m 300.045 ms - -[0m
[0mGET /happyhouse/reviews [36m304[0m 194.044 ms - -[0m
[0mGET /happyhouse/reviews [36m304[0m 196.690 ms - -[0m
[0mGET /happyhouse/reviews [36m304[0m 192.030 ms - -[0m
[0mGET /happyhouse/reviews [36m304[0m 194.052 ms - -[0m
[0mGET /happyhouse/reviews [36m304[0m 190.383 ms - -[0m
[0mGET /happyhouse/reviews [36m304[0m 190.333 ms - -[0m
[0mGET /happyhouse/reviews [36m304[0m 190.494 ms - -[0m
[0mGET /happyhouse/reviews [36m304[0m 259.523 ms - -[0m
[0mGET /happyhouse/reviews [36m304[0m 280.200 ms - -[0m
[0mGET /happyhouse/reviews [36m304[0m 300.223 ms - -[0m
[0mGET /happyhouse/reviews [36m304[0m 195.809 ms - -[0m
[0mGET /happyhouse/reviews [36m304[0m 190.678 ms - -[0m
[0mGET /happyhouse/reviews [36m304[0m 187.536 ms - -[0m
[0mGET /happyhouse/reviews [36m304[0m 191.489 ms - -[0m
[0mGET /happyhouse/reviews [36m304[0m 204.685 ms - -[0m
[0mGET /happyhouse/reviews [36m304[0m 207.885 ms - -[0m
[0mGET /happyhouse/reviews [36m304[0m 209.088 ms - -[0m
[0mGET /happyhouse/reviews [36m304[0m 223.057 ms - -[0m
[0mGET /happyhouse/reviews [36m304[0m 216.894 ms - -[0m
[0mGET /happyhouse/reviews [36m304[0m 275.206 ms - -[0m
[0mGET /happyhouse/reviews [36m304[0m 298.195 ms - -[0m
[0mGET /happyhouse/reviews [36m304[0m 301.863 ms - -[0m
[0mGET /happyhouse/reviews [36m304[0m 293.720 ms - -[0m
[0mGET /happyhouse/reviews [36m304[0m 302.552 ms - -[0m
[0mGET /happyhouse/reviews [36m304[0m 190.513 ms - -[0m
[0mGET /happyhouse/reviews [36m304[0m 415.450 ms - -[0m
[0mGET /happyhouse/reviews [36m304[0m 192.065 ms - -[0m
[0mGET /happyhouse/reviews [36m304[0m 278.161 ms - -[0m
[0mGET /happyhouse/reviews [36m304[0m 301.279 ms - -[0m
[0mGET /happyhouse/reviews [36m304[0m 298.002 ms - -[0m
[0mGET /happyhouse/reviews [36m304[0m 305.318 ms - -[0m
[0mGET /happyhouse/reviews [36m304[0m 194.407 ms - -[0m
[0mGET /happyhouse/reviews [36m304[0m 232.316 ms - -[0m
[0mGET /happyhouse/reviews [36m304[0m 191.307 ms - -[0m
[0mGET /happyhouse/reviews [36m304[0m 203.064 ms - -[0m
[0mGET /happyhouse/reviews [36m304[0m 194.246 ms - -[0m
[0mGET /happyhouse/reviews [36m304[0m 190.443 ms - -[0m
[0mGET /happyhouse/reviews [36m304[0m 233.662 ms - -[0m
[0mGET /happyhouse/reviews [36m304[0m 208.904 ms - -[0m
[0mGET /happyhouse/reviews [36m304[0m 279.360 ms - -[0m
[0mGET /happyhouse/reviews [36m304[0m 192.101 ms - -[0m
[0mGET /happyhouse/reviews [36m304[0m 198.692 ms - -[0m
[0mGET /happyhouse/reviews [36m304[0m 222.098 ms - -[0m
[0mGET /happyhouse/reviews [36m304[0m 194.521 ms - -[0m
[0mGET /happyhouse/reviews [36m304[0m 190.940 ms - -[0m
[0mGET /happyhouse/reviews [36m304[0m 190.525 ms - -[0m
[0mGET /happyhouse/reviews [36m304[0m 194.049 ms - -[0m
[0mGET /happyhouse/reviews [36m304[0m 404.124 ms - -[0m
[0mGET /happyhouse/reviews [36m304[0m 304.957 ms - -[0m
[0mGET /happyhouse/reviews [36m304[0m 398.105 ms - -[0m
[0mGET /happyhouse/reviews [36m304[0m 287.186 ms - -[0m
[0mGET /happyhouse/reviews [36m304[0m 253.054 ms - -[0m
[0mGET /happyhouse/reviews [36m304[0m 335.892 ms - -[0m
[0mGET /happyhouse/reviews [36m304[0m 241.301 ms - -[0m
[0mGET /happyhouse/reviews [36m304[0m 256.249 ms - -[0m
[0mGET /happyhouse/reviews [36m304[0m 191.395 ms - -[0m
[0mGET /happyhouse/reviews [36m304[0m 401.332 ms - -[0m
[0mGET /happyhouse/reviews [36m304[0m 195.578 ms - -[0m
[0mGET /happyhouse/reviews [36m304[0m 297.778 ms - -[0m
[0mGET /happyhouse/reviews [36m304[0m 280.308 ms - -[0m
[0mGET /happyhouse/reviews [36m304[0m 293.987 ms - -[0m
[0mGET /happyhouse/reviews [36m304[0m 290.786 ms - -[0m
[0mGET /happyhouse/reviews [36m304[0m 209.333 ms - -[0m
[0mGET /happyhouse/reviews [36m304[0m 219.898 ms - -[0m
[0mGET /happyhouse/reviews [36m304[0m 282.641 ms - -[0m
[0mGET /happyhouse/reviews [36m304[0m 196.752 ms - -[0m
[0mGET /happyhouse/reviews [36m304[0m 286.717 ms - -[0m
[0mGET /happyhouse/reviews [36m304[0m 291.258 ms - -[0m
[0mGET /happyhouse/reviews [36m304[0m 190.863 ms - -[0m
[0mGET /happyhouse/reviews [36m304[0m 216.534 ms - -[0m
[0mGET /happyhouse/reviews [36m304[0m 299.102 ms - -[0m
[0mGET /happyhouse/reviews [36m304[0m 297.277 ms - -[0m
[0mGET /happyhouse/reviews [36m304[0m 306.677 ms - -[0m
[0mGET /happyhouse/reviews [36m304[0m 279.810 ms - -[0m
[0mGET /happyhouse/reviews [36m304[0m 197.398 ms - -[0m
[0mGET /happyhouse/reviews [36m304[0m 244.818 ms - -[0m
[0mGET /happyhouse/reviews [36m304[0m 301.024 ms - -[0m
[0mGET /happyhouse/reviews [36m304[0m 289.805 ms - -[0m
[0mGET /happyhouse/reviews [36m304[0m 299.750 ms - -[0m
[0mGET /happyhouse/reviews [36m304[0m 196.634 ms - -[0m
[0mGET /happyhouse/reviews [36m304[0m 288.286 ms - -[0m
[0mGET /happyhouse/reviews [36m304[0m 296.913 ms - -[0m
[0mGET /happyhouse/reviews [36m304[0m 196.220 ms - -[0m
[0mGET /happyhouse/reviews [36m304[0m 197.673 ms - -[0m
[0mGET /happyhouse/reviews [36m304[0m 302.373 ms - -[0m
[0mGET /happyhouse/reviews [36m304[0m 304.908 ms - -[0m
[0mGET /happyhouse/reviews [36m304[0m 284.099 ms - -[0m
[0mGET /happyhouse/reviews [36m304[0m 272.120 ms - -[0m
[0mGET /happyhouse/reviews [36m304[0m 191.166 ms - -[0m
[0mGET /happyhouse/reviews [36m304[0m 193.359 ms - -[0m
[0mGET /happyhouse/reviews [36m304[0m 191.532 ms - -[0m
[0mGET /happyhouse/reviews [36m304[0m 197.206 ms - -[0m
[0mGET /happyhouse/reviews [36m304[0m 236.422 ms - -[0m
[0mGET /happyhouse/reviews [36m304[0m 266.244 ms - -[0m
[0mGET /happyhouse/reviews [36m304[0m 277.396 ms - -[0m
[0mGET /happyhouse/reviews [36m304[0m 198.039 ms - -[0m
[0mGET /happyhouse/reviews [36m304[0m 398.775 ms - -[0m
[0mGET /happyhouse/reviews [36m304[0m 806.483 ms - -[0m
[0mGET /happyhouse/reviews [36m304[0m 206.477 ms - -[0m
[0mGET /happyhouse/reviews [36m304[0m 235.635 ms - -[0m
[0mGET /happyhouse/reviews [36m304[0m 192.090 ms - -[0m
[0mGET /happyhouse/reviews [36m304[0m 201.163 ms - -[0m
[0mGET /happyhouse/reviews [36m304[0m 292.757 ms - -[0m
[0mGET /happyhouse/reviews [36m304[0m 304.769 ms - -[0m
[0mGET /happyhouse/reviews [36m304[0m 281.612 ms - -[0m
[0mGET /happyhouse/reviews [36m304[0m 213.103 ms - -[0m
[0mGET /happyhouse/reviews [36m304[0m 258.214 ms - -[0m
[0mGET /happyhouse/reviews [36m304[0m 198.271 ms - -[0m
[0mGET /happyhouse/reviews [36m304[0m 284.539 ms - -[0m
[0mGET /happyhouse/reviews [36m304[0m 299.514 ms - -[0m
[0mGET /happyhouse/reviews [36m304[0m 305.646 ms - -[0m
[0mGET /happyhouse/reviews [36m304[0m 292.119 ms - -[0m
[0mGET /happyhouse/reviews [36m304[0m 189.754 ms - -[0m
[0mGET /happyhouse/reviews [36m304[0m 190.715 ms - -[0m
[0mGET /happyhouse/reviews [36m304[0m 293.752 ms - -[0m
[0mGET /happyhouse/reviews [36m304[0m 194.015 ms - -[0m
[0mGET /happyhouse/reviews [36m304[0m 188.137 ms - -[0m
[0mGET /happyhouse/reviews [36m304[0m 192.343 ms - -[0m
[0mGET /happyhouse/reviews [36m304[0m 294.115 ms - -[0m
[0mGET /happyhouse/reviews [36m304[0m 300.862 ms - -[0m
[0mGET /happyhouse/reviews [36m304[0m 191.067 ms - -[0m
[0mGET /happyhouse/reviews [36m304[0m 197.377 ms - -[0m
[0mGET /happyhouse/reviews [36m304[0m 208.028 ms - -[0m
[0mGET /happyhouse/reviews [36m304[0m 195.720 ms - -[0m
[0mGET /happyhouse/reviews [36m304[0m 202.094 ms - -[0m
[0mGET /happyhouse/reviews [36m304[0m 207.284 ms - -[0m
[0mGET /happyhouse/reviews [36m304[0m 195.724 ms - -[0m
[0mGET /happyhouse/reviews [36m304[0m 233.671 ms - -[0m
[0mGET /happyhouse/reviews [36m304[0m 193.218 ms - -[0m
[0mGET /happyhouse/reviews [36m304[0m 206.790 ms - -[0m
[0mGET /happyhouse/reviews [36m304[0m 294.984 ms - -[0m
[0mGET /happyhouse/reviews [36m304[0m 200.631 ms - -[0m
[0mGET /happyhouse/reviews [36m304[0m 241.127 ms - -[0m
[0mGET /happyhouse/reviews [36m304[0m 309.642 ms - -[0m
[0mGET /happyhouse/reviews [36m304[0m 189.387 ms - -[0m
[0mGET /happyhouse/reviews [36m304[0m 237.344 ms - -[0m
[0mGET /happyhouse/reviews [36m304[0m 204.114 ms - -[0m
[0mGET /happyhouse/reviews [36m304[0m 191.952 ms - -[0m
[0mGET /happyhouse/reviews [36m304[0m 193.668 ms - -[0m
[0mGET /happyhouse/reviews [36m304[0m 195.627 ms - -[0m
[0mGET /happyhouse/reviews [36m304[0m 235.926 ms - -[0m
[0mGET /happyhouse/reviews [36m304[0m 194.795 ms - -[0m
[0mGET /happyhouse/reviews [36m304[0m 309.092 ms - -[0m
[0mGET /happyhouse/reviews [36m304[0m 194.713 ms - -[0m
[0mGET /happyhouse/reviews [36m304[0m 297.260 ms - -[0m
[0mGET /happyhouse/reviews [36m304[0m 193.798 ms - -[0m
[0mGET /happyhouse/reviews [36m304[0m 194.155 ms - -[0m
[0mGET /happyhouse/reviews [36m304[0m 239.133 ms - -[0m
[0mGET /happyhouse/reviews [36m304[0m 275.240 ms - -[0m
[0mGET /happyhouse/reviews [36m304[0m 218.488 ms - -[0m
[0mGET /happyhouse/reviews [36m304[0m 258.598 ms - -[0m
[0mGET /happyhouse/reviews [36m304[0m 194.768 ms - -[0m
[0mGET /happyhouse/reviews [36m304[0m 243.624 ms - -[0m
[0mGET /happyhouse/reviews [36m304[0m 243.536 ms - -[0m
[0mGET /happyhouse/reviews [36m304[0m 198.368 ms - -[0m
[0mGET /happyhouse/reviews [36m304[0m 190.562 ms - -[0m
[0mGET /happyhouse/reviews [36m304[0m 291.817 ms - -[0m
[0mGET /happyhouse/reviews [36m304[0m 298.447 ms - -[0m
[0mGET /happyhouse/reviews [36m304[0m 303.503 ms - -[0m
[0mGET /happyhouse/reviews [36m304[0m 300.546 ms - -[0m
[0mGET /happyhouse/reviews [36m304[0m 302.882 ms - -[0m
[0mGET /happyhouse/reviews [36m304[0m 301.493 ms - -[0m
[0mGET /happyhouse/reviews [36m304[0m 261.431 ms - -[0m
[0mGET /happyhouse/reviews [36m304[0m 238.172 ms - -[0m
[0mGET /happyhouse/reviews [36m304[0m 192.429 ms - -[0m
[0mGET /happyhouse/reviews [36m304[0m 191.143 ms - -[0m
[0mGET /happyhouse/reviews [36m304[0m 300.577 ms - -[0m
[0mGET /happyhouse/reviews [36m304[0m 294.865 ms - -[0m
[0mGET /happyhouse/reviews [36m304[0m 216.863 ms - -[0m
[0mGET /happyhouse/reviews [36m304[0m 229.538 ms - -[0m
[0mGET /happyhouse/reviews [36m304[0m 268.298 ms - -[0m
[0mGET /happyhouse/reviews [36m304[0m 191.622 ms - -[0m
[0mGET /happyhouse/reviews [36m304[0m 303.186 ms - -[0m
[0mGET /happyhouse/reviews [36m304[0m 198.509 ms - -[0m
[0mGET /happyhouse/reviews [36m304[0m 192.405 ms - -[0m
[0mGET /happyhouse/reviews [36m304[0m 232.051 ms - -[0m
[0mGET /happyhouse/reviews [36m304[0m 292.504 ms - -[0m
[0mGET /happyhouse/reviews [36m304[0m 295.954 ms - -[0m
[0mGET /happyhouse/reviews [36m304[0m 196.087 ms - -[0m
[0mGET /happyhouse/reviews [36m304[0m 240.232 ms - -[0m
[0mGET /happyhouse/reviews [36m304[0m 272.103 ms - -[0m
[0mGET /happyhouse/reviews [36m304[0m 218.821 ms - -[0m
[0mGET /happyhouse/reviews [36m304[0m 189.109 ms - -[0m
[0mGET /happyhouse/reviews [36m304[0m 208.095 ms - -[0m
[0mGET /happyhouse/reviews [36m304[0m 254.339 ms - -[0m
[0mGET /happyhouse/reviews [36m304[0m 287.222 ms - -[0m
[0mGET /happyhouse/reviews [36m304[0m 296.516 ms - -[0m
[0mGET /happyhouse/reviews [36m304[0m 299.883 ms - -[0m
[0mGET /happyhouse/reviews [36m304[0m 296.603 ms - -[0m
[0mGET /happyhouse/reviews [36m304[0m 223.348 ms - -[0m
[0mGET /happyhouse/reviews [36m304[0m 241.548 ms - -[0m
[0mGET /happyhouse/reviews [36m304[0m 271.439 ms - -[0m
[0mGET /happyhouse/reviews [36m304[0m 308.023 ms - -[0m
[0mGET /happyhouse/reviews [36m304[0m 192.978 ms - -[0m
[0mGET /happyhouse/reviews [36m304[0m 244.803 ms - -[0m
[0mGET /happyhouse/reviews [36m304[0m 286.475 ms - -[0m
[0mGET /happyhouse/reviews [36m304[0m 295.403 ms - -[0m
[0mGET /happyhouse/reviews [36m304[0m 310.199 ms - -[0m
[0mGET /happyhouse/reviews [36m304[0m 257.611 ms - -[0m
[0mGET /happyhouse/reviews [36m304[0m 215.258 ms - -[0m
[0mGET /happyhouse/reviews [36m304[0m 283.533 ms - -[0m
[0mGET /happyhouse/reviews [36m304[0m 198.023 ms - -[0m
[0mGET /happyhouse/reviews [36m304[0m 193.512 ms - -[0m
[0mGET /happyhouse/reviews [36m304[0m 240.540 ms - -[0m
[0mGET /happyhouse/reviews [36m304[0m 297.510 ms - -[0m
[0mGET /happyhouse/reviews [36m304[0m 316.644 ms - -[0m
[0mGET /happyhouse/reviews [36m304[0m 281.162 ms - -[0m
[0mGET /happyhouse/reviews [36m304[0m 271.909 ms - -[0m
[0mGET /happyhouse/reviews [36m304[0m 219.621 ms - -[0m
[0mGET /happyhouse/reviews [36m304[0m 193.201 ms - -[0m
[0mGET /happyhouse/reviews [36m304[0m 190.606 ms - -[0m
[0mGET /happyhouse/reviews [36m304[0m 297.001 ms - -[0m
[0mGET /happyhouse/reviews [36m304[0m 298.204 ms - -[0m
[0mGET /happyhouse/reviews [36m304[0m 301.385 ms - -[0m
[0mGET /happyhouse/reviews [36m304[0m 198.736 ms - -[0m
[0mGET /happyhouse/reviews [36m304[0m 289.840 ms - -[0m
[0mGET /happyhouse/reviews [36m304[0m 237.025 ms - -[0m
[0mGET /happyhouse/reviews [36m304[0m 195.435 ms - -[0m
[0mGET /happyhouse/reviews [36m304[0m 190.739 ms - -[0m
[0mGET /happyhouse/reviews [36m304[0m 255.026 ms - -[0m
[0mGET /happyhouse/reviews [36m304[0m 193.224 ms - -[0m
[0mGET /happyhouse/reviews [36m304[0m 297.841 ms - -[0m
[0mGET /happyhouse/reviews [36m304[0m 295.446 ms - -[0m
[0mGET /happyhouse/reviews [36m304[0m 194.850 ms - -[0m
[0mGET /happyhouse/reviews [36m304[0m 236.303 ms - -[0m
[0mGET /happyhouse/reviews [36m304[0m 191.945 ms - -[0m
[0mGET /happyhouse/reviews [36m304[0m 308.011 ms - -[0m
[0mGET /happyhouse/reviews [36m304[0m 296.587 ms - -[0m
[0mGET /happyhouse/reviews [36m304[0m 189.271 ms - -[0m
[0mGET /happyhouse/reviews [36m304[0m 232.894 ms - -[0m
[0mGET /happyhouse/reviews [36m304[0m 282.243 ms - -[0m
[0mGET /happyhouse/reviews [36m304[0m 213.066 ms - -[0m
[0mGET /happyhouse/reviews [36m304[0m 232.692 ms - -[0m
[0mGET /happyhouse/reviews [36m304[0m 278.159 ms - -[0m
[0mGET /happyhouse/reviews [36m304[0m 285.320 ms - -[0m
[0mGET /happyhouse/reviews [36m304[0m 192.566 ms - -[0m
[0mGET /happyhouse/reviews [36m304[0m 191.157 ms - -[0m
[0mGET /happyhouse/reviews [36m304[0m 193.581 ms - -[0m
[0mGET /happyhouse/reviews [36m304[0m 249.417 ms - -[0m
[0mGET /happyhouse/reviews [36m304[0m 282.385 ms - -[0m
[0mGET /happyhouse/reviews [36m304[0m 295.611 ms - -[0m
[0mGET /happyhouse/reviews [36m304[0m 301.101 ms - -[0m
[0mGET /happyhouse/reviews [36m304[0m 302.448 ms - -[0m
[0mGET /happyhouse/reviews [36m304[0m 297.234 ms - -[0m
[0mGET /happyhouse/reviews [36m304[0m 190.161 ms - -[0m
[0mGET /happyhouse/reviews [36m304[0m 194.958 ms - -[0m
[0mGET /happyhouse/reviews [36m304[0m 190.111 ms - -[0m
[0mGET /happyhouse/reviews [36m304[0m 194.354 ms - -[0m
[0mGET /happyhouse/reviews [36m304[0m 191.048 ms - -[0m
[0mGET /happyhouse/reviews [36m304[0m 239.834 ms - -[0m
[0mGET /happyhouse/reviews [36m304[0m 297.652 ms - -[0m
[0mGET /happyhouse/reviews [36m304[0m 245.858 ms - -[0m
[0mGET /happyhouse/reviews [36m304[0m 190.774 ms - -[0m
[0mGET /happyhouse/reviews [36m304[0m 192.928 ms - -[0m
[0mGET /happyhouse/reviews [36m304[0m 190.970 ms - -[0m
[0mGET /happyhouse/reviews [36m304[0m 194.488 ms - -[0m
[0mGET /happyhouse/reviews [36m304[0m 303.269 ms - -[0m
[0mGET /happyhouse/reviews [36m304[0m 191.890 ms - -[0m
[0mGET /happyhouse/reviews [36m304[0m 193.175 ms - -[0m
[0mGET /happyhouse/reviews [36m304[0m 230.907 ms - -[0m
[0mGET /happyhouse/reviews [36m304[0m 299.420 ms - -[0m
[0mGET /happyhouse/reviews [36m304[0m 295.386 ms - -[0m
[0mGET /happyhouse/reviews [36m304[0m 299.730 ms - -[0m
[0mGET /happyhouse/reviews [36m304[0m 304.012 ms - -[0m
[0mGET /happyhouse/reviews [36m304[0m 240.801 ms - -[0m
[0mGET /happyhouse/reviews [36m304[0m 247.873 ms - -[0m
[0mGET /happyhouse/reviews [36m304[0m 298.716 ms - -[0m
[0mGET /happyhouse/reviews [36m304[0m 292.189 ms - -[0m
[0mGET /happyhouse/reviews [36m304[0m 296.736 ms - -[0m
[0mGET /happyhouse/reviews [36m304[0m 200.450 ms - -[0m
[0mGET /happyhouse/reviews [36m304[0m 241.494 ms - -[0m
[0mGET /happyhouse/reviews [36m304[0m 193.005 ms - -[0m
[0mGET /happyhouse/reviews [36m304[0m 188.338 ms - -[0m
[0mGET /happyhouse/reviews [36m304[0m 242.950 ms - -[0m
[0mGET /happyhouse/reviews [36m304[0m 304.885 ms - -[0m
[0mGET /happyhouse/reviews [36m304[0m 261.938 ms - -[0m
[0mGET /happyhouse/reviews [36m304[0m 223.101 ms - -[0m
[0mGET /happyhouse/reviews [36m304[0m 301.161 ms - -[0m
[0mGET /happyhouse/reviews [36m304[0m 296.030 ms - -[0m
[0mGET /happyhouse/reviews [36m304[0m 194.117 ms - -[0m
[0mGET /happyhouse/reviews [36m304[0m 206.779 ms - -[0m
[0mGET /happyhouse/reviews [36m304[0m 284.830 ms - -[0m
[0mGET /happyhouse/reviews [36m304[0m 191.577 ms - -[0m
[0mGET /happyhouse/reviews [36m304[0m 191.775 ms - -[0m
[0mGET /happyhouse/reviews [36m304[0m 218.849 ms - -[0m
[0mGET /happyhouse/reviews [36m304[0m 192.366 ms - -[0m
[0mGET /happyhouse/reviews [36m304[0m 307.184 ms - -[0m
[0mGET /happyhouse/reviews [36m304[0m 297.810 ms - -[0m
[0mGET /happyhouse/reviews [36m304[0m 190.635 ms - -[0m
[0mGET /happyhouse/reviews [36m304[0m 233.614 ms - -[0m
[0mGET /happyhouse/reviews [36m304[0m 188.996 ms - -[0m
[0mGET /happyhouse/reviews [36m304[0m 195.775 ms - -[0m
[0mGET /happyhouse/reviews [36m304[0m 197.621 ms - -[0m
[0mGET /happyhouse/reviews [36m304[0m 227.714 ms - -[0m
[0mGET /happyhouse/reviews [36m304[0m 256.950 ms - -[0m
[0mGET /happyhouse/reviews [36m304[0m 277.315 ms - -[0m
[0mGET /happyhouse/reviews [36m304[0m 293.829 ms - -[0m
[0mGET /happyhouse/reviews [36m304[0m 303.567 ms - -[0m
[0mGET /happyhouse/reviews [0m-[0m - ms - -[0m
[0mGET /happyhouse/houseinfos/address [36m304[0m 3927.937 ms - -[0m
